TN:
SF:src\services\rootReducer.ts
FNF:0
FNH:0
DA:1,1
DA:2,1
DA:3,1
DA:4,1
DA:5,1
DA:6,1
DA:7,1
DA:8,1
DA:9,1
DA:10,1
DA:11,1
DA:12,1
DA:13,1
DA:14,1
DA:15,1
DA:16,1
DA:17,1
DA:18,1
DA:19,1
DA:20,1
DA:21,1
DA:22,1
DA:23,1
LF:23
LH:23
BRF:0
BRH:0
end_of_record
TN:
SF:src\services\slices\constructor\burgerconstructorSlice.ts
FN:26,prepare
FN:32,reducer
FN:41,removeIngredient
FN:47,resetConstructor
FN:50,setOrderRequest
FN:53,setOrderModalData
FN:56,moveIngredientUp
FN:67,moveIngredientDown
FNF:8
FNH:8
FNDA:4,prepare
FNDA:4,reducer
FNDA:1,removeIngredient
FNDA:1,resetConstructor
FNDA:1,setOrderRequest
FNDA:1,setOrderModalData
FNDA:2,moveIngredientUp
FNDA:2,moveIngredientDown
DA:1,1
DA:2,1
DA:3,1
DA:4,1
DA:5,1
DA:6,1
DA:7,1
DA:8,1
DA:9,1
DA:10,1
DA:11,1
DA:12,1
DA:13,1
DA:14,1
DA:15,1
DA:16,1
DA:17,1
DA:18,1
DA:19,1
DA:20,1
DA:21,1
DA:22,1
DA:23,1
DA:24,1
DA:25,1
DA:26,1
DA:27,1
DA:28,1
DA:29,1
DA:30,1
DA:31,1
DA:32,1
DA:33,4
DA:34,1
DA:35,4
DA:36,3
DA:37,3
DA:38,3
DA:39,4
DA:40,1
DA:41,1
DA:42,1
DA:43,1
DA:44,1
DA:45,1
DA:46,1
DA:47,1
DA:48,1
DA:49,1
DA:50,1
DA:51,1
DA:52,1
DA:53,1
DA:54,1
DA:55,1
DA:56,1
DA:57,2
DA:58,2
DA:59,1
DA:60,1
DA:61,1
DA:62,1
DA:63,1
DA:64,1
DA:65,1
DA:66,1
DA:67,1
DA:68,2
DA:69,2
DA:70,1
DA:71,1
DA:72,1
DA:73,1
DA:74,1
DA:75,1
DA:76,1
DA:77,2
DA:78,1
DA:79,1
DA:80,1
DA:81,1
DA:82,1
DA:83,1
DA:84,1
DA:85,1
DA:86,1
DA:87,1
DA:88,1
DA:89,1
DA:90,1
DA:91,1
LF:91
LH:91
BRDA:26,0,0,4
BRDA:32,1,0,4
BRDA:33,2,0,1
BRDA:35,3,0,3
BRDA:41,4,0,1
BRDA:44,5,0,1
BRDA:47,6,0,1
BRDA:50,7,0,1
BRDA:53,8,0,1
BRDA:56,9,0,2
BRDA:58,10,0,1
BRDA:67,11,0,2
BRDA:69,12,0,1
BRF:13
BRH:13
end_of_record
TN:
SF:src\services\slices\feed\feedSlice.ts
FN:39,extraReducers
FNF:1
FNH:1
FNDA:2,extraReducers
DA:1,1
DA:2,1
DA:3,1
DA:4,1
DA:5,1
DA:6,1
DA:7,1
DA:8,1
DA:9,1
DA:10,1
DA:11,1
DA:12,1
DA:13,1
DA:14,1
DA:15,1
DA:16,1
DA:17,1
DA:18,1
DA:19,1
DA:20,1
DA:21,1
DA:22,1
DA:23,1
DA:24,1
DA:25,1
DA:26,1
DA:27,1
DA:28,1
DA:29,1
DA:30,1
DA:31,1
DA:32,1
DA:33,1
DA:34,1
DA:35,1
DA:36,1
DA:37,1
DA:38,1
DA:39,1
DA:40,2
DA:41,2
DA:42,1
DA:43,1
DA:44,2
DA:45,2
DA:46,1
DA:47,1
DA:48,1
DA:49,1
DA:50,2
DA:51,2
DA:52,1
DA:53,1
DA:54,1
DA:55,2
DA:56,2
DA:57,1
DA:58,1
DA:59,2
DA:60,2
DA:61,1
DA:62,1
DA:63,2
DA:64,2
DA:65,1
DA:66,1
DA:67,1
DA:68,2
DA:69,2
DA:70,1
DA:71,1
DA:72,1
LF:72
LH:72
BRDA:39,0,0,2
BRDA:41,1,0,1
BRDA:45,2,0,1
BRDA:51,3,0,1
BRDA:54,4,0,0
BRDA:56,5,0,1
BRDA:60,6,0,1
BRDA:64,7,0,1
BRDA:67,8,0,0
BRF:9
BRH:7
end_of_record
TN:
SF:src\services\slices\ingredients\ingredientsSlice.ts
FN:39,setCurrentIngredient
FN:43,extraReducers
FNF:2
FNH:2
FNDA:2,setCurrentIngredient
FNDA:2,extraReducers
DA:1,1
DA:2,1
DA:3,1
DA:4,1
DA:5,1
DA:6,1
DA:7,1
DA:8,1
DA:9,1
DA:10,1
DA:11,1
DA:12,1
DA:13,1
DA:14,1
DA:15,1
DA:16,1
DA:17,1
DA:18,1
DA:19,1
DA:20,1
DA:21,1
DA:22,1
DA:23,1
DA:24,1
DA:25,1
DA:26,1
DA:27,0
DA:28,0
DA:29,0
DA:30,0
DA:31,0
DA:32,0
DA:33,1
DA:34,1
DA:35,1
DA:36,1
DA:37,1
DA:38,1
DA:39,1
DA:40,2
DA:41,2
DA:42,1
DA:43,1
DA:44,2
DA:45,2
DA:46,1
DA:47,2
DA:48,2
DA:49,1
DA:50,1
DA:51,1
DA:52,1
DA:53,1
DA:54,1
DA:55,2
DA:56,2
DA:57,1
DA:58,2
DA:59,2
DA:60,1
DA:61,1
DA:62,1
DA:63,1
DA:64,1
LF:64
LH:58
BRDA:39,0,0,2
BRDA:43,1,0,2
BRDA:45,2,0,1
BRDA:48,3,0,1
BRDA:51,4,0,3
BRDA:52,5,0,3
BRDA:53,6,0,3
BRDA:56,7,0,1
BRF:8
BRH:8
end_of_record
TN:
SF:src\services\slices\order\orderSlice.ts
FN:58,openOrderModal
FN:61,closeOrderModal
FN:66,extraReducers
FNF:3
FNH:3
FNDA:1,openOrderModal
FNDA:1,closeOrderModal
FNDA:1,extraReducers
DA:1,1
DA:2,1
DA:3,1
DA:4,1
DA:5,1
DA:6,1
DA:7,1
DA:8,1
DA:9,0
DA:10,0
DA:11,0
DA:12,0
DA:13,0
DA:14,0
DA:15,0
DA:16,0
DA:17,0
DA:18,0
DA:19,0
DA:20,0
DA:21,0
DA:22,0
DA:23,0
DA:24,1
DA:25,1
DA:26,1
DA:27,1
DA:28,1
DA:29,0
DA:30,0
DA:31,0
DA:32,1
DA:33,1
DA:34,1
DA:35,1
DA:36,1
DA:37,1
DA:38,1
DA:39,1
DA:40,1
DA:41,1
DA:42,1
DA:43,1
DA:44,1
DA:45,1
DA:46,1
DA:47,1
DA:48,1
DA:49,1
DA:50,1
DA:51,1
DA:52,1
DA:53,1
DA:54,1
DA:55,1
DA:56,1
DA:57,1
DA:58,1
DA:59,1
DA:60,1
DA:61,1
DA:62,1
DA:63,1
DA:64,1
DA:65,1
DA:66,1
DA:67,1
DA:68,1
DA:69,1
DA:70,1
DA:71,1
DA:72,1
DA:73,1
DA:74,1
DA:75,1
DA:76,1
DA:77,1
DA:78,1
DA:79,1
DA:80,1
DA:81,1
DA:82,1
DA:83,1
DA:84,1
DA:85,1
DA:86,1
DA:87,1
DA:88,1
DA:89,1
DA:90,1
DA:91,1
DA:92,1
DA:93,1
DA:94,1
DA:95,1
DA:96,1
DA:97,1
LF:97
LH:79
BRDA:58,0,0,1
BRDA:61,1,0,1
BRDA:66,2,0,1
BRDA:68,3,0,1
BRDA:72,4,0,1
BRDA:77,5,0,1
BRDA:79,6,0,0
BRDA:81,7,0,1
BRDA:85,8,0,1
BRDA:89,9,0,1
BRDA:91,10,0,0
BRF:11
BRH:9
end_of_record
TN:
SF:src\services\slices\user\userSlice.ts
FN:72,clearError
FN:76,extraReducers
FNF:2
FNH:2
FNDA:1,clearError
FNDA:2,extraReducers
DA:1,1
DA:2,1
DA:3,1
DA:4,1
DA:5,1
DA:6,1
DA:7,1
DA:8,1
DA:9,1
DA:10,1
DA:11,1
DA:12,1
DA:13,1
DA:14,1
DA:15,1
DA:16,0
DA:17,0
DA:18,0
DA:19,0
DA:20,1
DA:21,1
DA:22,1
DA:23,1
DA:24,1
DA:25,0
DA:26,0
DA:27,0
DA:28,0
DA:29,0
DA:30,1
DA:31,1
DA:32,1
DA:33,0
DA:34,0
DA:35,0
DA:36,1
DA:37,1
DA:38,1
DA:39,0
DA:40,0
DA:41,1
DA:42,1
DA:43,1
DA:44,1
DA:45,1
DA:46,0
DA:47,0
DA:48,0
DA:49,1
DA:50,1
DA:51,1
DA:52,1
DA:53,1
DA:54,1
DA:55,1
DA:56,1
DA:57,1
DA:58,1
DA:59,1
DA:60,1
DA:61,1
DA:62,1
DA:63,1
DA:64,1
DA:65,1
DA:66,1
DA:67,1
DA:68,1
DA:69,1
DA:70,1
DA:71,1
DA:72,1
DA:73,1
DA:74,1
DA:75,1
DA:76,1
DA:77,2
DA:78,2
DA:79,2
DA:80,1
DA:81,1
DA:82,2
DA:83,2
DA:84,1
DA:85,1
DA:86,1
DA:87,2
DA:88,2
DA:89,1
DA:90,1
DA:91,2
DA:92,2
DA:93,2
DA:94,1
DA:95,1
DA:96,2
DA:97,2
DA:98,1
DA:99,1
DA:100,1
DA:101,2
DA:102,2
DA:103,1
DA:104,1
DA:105,2
DA:106,2
DA:107,2
DA:108,1
DA:109,1
DA:110,2
DA:111,2
DA:112,2
DA:113,1
DA:114,1
DA:115,2
DA:116,2
DA:117,1
DA:118,1
DA:119,1
DA:120,2
DA:121,2
DA:122,1
DA:123,1
DA:124,1
DA:125,2
DA:126,2
DA:127,2
DA:128,1
DA:129,1
DA:130,2
DA:131,2
DA:132,1
DA:133,1
DA:134,2
DA:135,2
DA:136,1
DA:137,1
DA:138,2
DA:139,2
DA:140,1
DA:141,1
DA:142,1
DA:143,1
LF:143
LH:126
BRDA:72,0,0,1
BRDA:76,1,0,2
BRDA:79,2,0,1
BRDA:83,3,0,1
BRDA:88,4,0,1
BRDA:90,5,0,0
BRDA:93,6,0,1
BRDA:97,7,0,1
BRDA:102,8,0,1
BRDA:104,9,0,0
BRDA:107,10,0,1
BRDA:112,11,0,1
BRDA:116,12,0,1
BRDA:121,13,0,1
BRDA:127,14,0,1
BRDA:131,15,0,1
BRDA:135,16,0,1
BRDA:137,17,0,0
BRF:18
BRH:15
end_of_record
